C51 COMPILER V9.59.0.0   ADC0809                                                           06/02/2019 15:10:10 PAGE 1   


C51 COMPILER V9.59.0.0, COMPILATION OF MODULE ADC0809
OBJECT MODULE PLACED IN adc0809.OBJ
COMPILER INVOKED BY: D:\Program Files (x86)\Keil\C51\BIN\C51.EXE adc0809.c OPTIMIZE(8,SPEED) BROWSE DEBUG OBJECTEXTEND T
                    -ABS(2)

line level    source

   1          #include "adc0809.h"
   2          
   3          
   4          
   5          void Red_0809 ()
   6          {
   7   1          
   8   1        ST = 0;
   9   1        ST = 1;
  10   1        ST = 0;
  11   1        while(EOC == 0);
  12   1        OE = 1;
  13   1        num = P3;
  14   1        OE = 0;
  15   1        
  16   1      }


MODULE INFORMATION:   STATIC OVERLAYABLE
   CODE SIZE        =     21    ----
   CONSTANT SIZE    =   ----    ----
   XDATA SIZE       =   ----    ----
   PDATA SIZE       =   ----    ----
   DATA SIZE        =   ----    ----
   IDATA SIZE       =   ----    ----
   BIT SIZE         =   ----    ----
END OF MODULE INFORMATION.


C51 COMPILATION COMPLETE.  0 WARNING(S),  0 ERROR(S)
