C51 COMPILER V9.59.0.0   DS18B20                                                           06/16/2019 15:49:26 PAGE 1   


C51 COMPILER V9.59.0.0, COMPILATION OF MODULE DS18B20
OBJECT MODULE PLACED IN .\Objects\DS18B20.obj
COMPILER INVOKED BY: D:\Program Files (x86)\Keil\C51\BIN\C51.EXE user\DS18B20.c OPTIMIZE(8,SPEED) BROWSE INCDIR(.\user) 
                    -DEBUG OBJECTEXTEND PRINT(.\Listings\DS18B20.lst) TABS(2) OBJECT(.\Objects\DS18B20.obj)

line level    source

   1          #include "DS18B20.h"
   2          #include <intrins.h>
   3          
   4          /*
   5          **********************************************************************************************************
             -**********
   6          延时时间      a的值     b的值       c的值     延时误差（us）
   7          10us          1           1           1            -0.5    
   8          20us          1           1           8            0  
   9          30us          1           1           15           +0.5 
  10          40us          2           1           9            0  
  11          50us          1           1           28            0  
  12          60us          1           1           35           +0.5 
  13          70us          1           1           42           +1 
  14          80us          1           1           48            0 
  15          90us          1           1           55           +0.5  
  16          100us         1           1           61           -0.5  
  17          200us         1           1           128           0  
  18          300us         3           1           63           +1.5  
  19          400us         2           1           129           0  
  20          500us         5           1           63           +0.5  
  21          600us         6           1           63            0  
  22          700us         7           1           63            -0.5  
  23          800us         1           3           175           +0.5  
  24          900us         9           1           63            -1.5  
  25          1ms           1           3           219           -1.5
  26          2ms           2           3           220           +3
  27          3ms           3           3           220           +3
  28          Xms           X           3           220           +3     
  29                 (X的范围为2到255)
  30          */
  31          
  32          void Delay1(unsigned char a1,b1,c1)
  33          {
  34   1       unsigned char a,b,c;
  35   1      for(a=0;a<a1;a++)
  36   1      for(b=0;b<b1;b++)
  37   1      for(c=0;c<c1;c++);
  38   1      }
  39          
  40          /*****************Init_Ds18b20******************/ 
  41          void Init_Ds18b20(void)     //DS18B20初始化send reset and initialization command
  42          {
  43   1      DS18B20_DQ = 1;                     //DQ复位,不要也可行。
  44   1      Delay1(1,1,1);                  //稍做延时  10us
  45   1      DS18B20_DQ = 0;                    //单片机拉低总线
  46   1      Delay1(6,1,63); //600  us      //精确延时，维持至少480us
  47   1      //Delay(1,1,15); //20us
  48   1      DS18B20_DQ = 1;                    //释放总线，即拉高了总线
  49   1      Delay1(5,1,63); //500us               //此处延时有足够,确保能让DS18B20发出存在脉冲。
  50   1      }
  51          
  52          unsigned char Read_One_Byte()       //读取一个字节的数据read a byte date
  53                                      //读数据时,数据以字节的最低有效位先从总线移出
C51 COMPILER V9.59.0.0   DS18B20                                                           06/16/2019 15:49:26 PAGE 2   

  54          {
  55   1      unsigned char i   = 0;
  56   1      unsigned char dat = 0;
  57   1      for(i=8;i>0;i--)
  58   1         {
  59   2         DS18B20_DQ = 0;                  //将总线拉低，要在1us之后释放总线
  60   2                                 //单片机要在此下降沿后的15us内读数据才会有效。
  61   2         _nop_();                 //至少维持了1us,表示读时序开始
  62   2         dat >>= 1;               //让从总线上读到的位数据，依次从高位移动到低位。
  63   2         DS18B20_DQ = 1;                  //释放总线，此后DS18B20会控制总线,把数据传输到总线上
  64   2         Delay1(1,1,1);        //延时10us,此处参照推荐的读时序图，尽量把控制器采样时间放到读时序后的15us内的最后
             -部分
  65   2         if(DS18B20_DQ)                   //控制器进行采样
  66   2         {
  67   3          dat |= 0x80;            //若总线为1,即DQ为1,那就把dat的最高位置1;若为0,则不进行处理,保持为0
  68   3         }        
  69   2         Delay1(1,1,8);       //20us        //此延时不能少，确保读时序的长度60us。
  70   2      }
  71   1      return (dat);
  72   1      }
  73          
  74          void Write_One_Byte(unsigned char dat)
  75          {
  76   1      unsigned char i = 0;
  77   1      for(i=8;i>0;i--)
  78   1      {
  79   2         DS18B20_DQ = 0;                        //拉低总线
  80   2         _nop_();                       //至少维持了1us,表示写时序(包括写0时序或写1时序)开始
  81   2         DS18B20_DQ = dat&0x01;                 //从字节的最低位开始传输
  82   2                                       //指令dat的最低位赋予给总线,必须在拉低总线后的15us内,
  83   2                                       //因为15us后DS18B20会对总线采样。
  84   2         Delay1(1,1,15);               //必须让写时序持续至少60us
  85   2         DS18B20_DQ = 1;                        //写完后,必须释放总线,
  86   2         dat >>= 1;
  87   2         Delay1(1,1,1);
  88   2      }
  89   1      }
  90          
  91          unsigned int Get_Temp()                   //获取温度get the wenduerature
  92          {
  93   1          float tt;
  94   1          unsigned char a,b;
  95   1          unsigned int temp;
  96   1          Init_Ds18b20();                //初始化
  97   1          Write_One_Byte(0xcc);          //忽略ROM指令
  98   1          Write_One_Byte(0x44);          //温度转换指令
  99   1          Init_Ds18b20();                 //初始化
 100   1          Write_One_Byte(0xcc);          //忽略ROM指令
 101   1          Write_One_Byte(0xbe);          //读暂存器指令
 102   1          a = Read_One_Byte();           //读取到的第一个字节为温度LSB
 103   1          b = Read_One_Byte();           //读取到的第一个字节为温度MSB
 104   1          temp = b;                      //先把高八位有效数据赋于wendu
 105   1          temp <<= 8;                    //把以上8位数据从wendu低八位移到高八位
 106   1          temp = temp|a;                //两字节合成一个整型变量
 107   1          tt = temp*0.0625;              //得到真实十进制温度值
 108   1                                        //因为DS18B20可以精确到0.0625度
 109   1                                        //所以读回数据的最低位代表的是0.0625度
 110   1          temp = tt*10+0.5;               //放大十倍
 111   1                                        //这样做的目的将小数点后第一位也转换为可显示数字
 112   1                                        //同时进行一个四舍五入操作。
 113   1          return temp;
 114   1      }
C51 COMPILER V9.59.0.0   DS18B20                                                           06/16/2019 15:49:26 PAGE 3   



MODULE INFORMATION:   STATIC OVERLAYABLE
   CODE SIZE        =    284    ----
   CONSTANT SIZE    =   ----    ----
   XDATA SIZE       =   ----    ----
   PDATA SIZE       =   ----    ----
   DATA SIZE        =   ----      11
   IDATA SIZE       =   ----    ----
   BIT SIZE         =   ----    ----
END OF MODULE INFORMATION.


C51 COMPILATION COMPLETE.  0 WARNING(S),  0 ERROR(S)
