C51 COMPILER V9.59.0.0   PCF8591                                                           06/16/2019 15:22:02 PAGE 1   


C51 COMPILER V9.59.0.0, COMPILATION OF MODULE PCF8591
OBJECT MODULE PLACED IN .\Objects\PCF8591.obj
COMPILER INVOKED BY: D:\Program Files (x86)\Keil\C51\BIN\C51.EXE user\PCF8591.c OPTIMIZE(8,SPEED) BROWSE INCDIR(.\user) 
                    -DEBUG OBJECTEXTEND PRINT(.\Listings\PCF8591.lst) TABS(2) OBJECT(.\Objects\PCF8591.obj)

line level    source

   1          #include "PCF8591.h"
   2          #include "I2C.h"
   3          
   4          /*******************************************************************
   5          DAC 变换, 转化函数               
   6          *******************************************************************/
   7          bit DACconversion(unsigned char sla,unsigned char c,  unsigned char Val)
   8          {
   9   1         Start_I2c();              //启动总线
  10   1         SendByte(sla);            //发送器件地址
  11   1         if(ack==0)return(0);
  12   1         SendByte(c);              //发送控制字节
  13   1         if(ack==0)return(0);
  14   1         SendByte(Val);            //发送DAC的数值  
  15   1         if(ack==0)return(0);
  16   1         Stop_I2c();               //结束总线
  17   1         return(1);
  18   1      }
  19          
  20          /*******************************************************************
  21          ADC发送字节[命令]数据函数               
  22          *******************************************************************/
  23          bit ISendByte(unsigned char sla,unsigned char c)
  24          {
  25   1         Start_I2c();              //启动总线
  26   1         SendByte(sla);            //发送器件地址
  27   1         if(ack==0)return(0);
  28   1         SendByte(c);              //发送数据
  29   1         if(ack==0)return(0);
  30   1         Stop_I2c();               //结束总线
  31   1         return(1);
  32   1      }
  33          
  34          /*******************************************************************
  35          ADC读字节数据函数               
  36          *******************************************************************/
  37          unsigned char IRcvByte(unsigned char sla)
  38          {  unsigned char c;
  39   1      
  40   1         Start_I2c();          //启动总线
  41   1         SendByte(sla+1);      //发送器件地址
  42   1         if(ack==0)return(0);
  43   1         c=RcvByte();          //读取数据0
  44   1      
  45   1         Ack_I2c(1);           //发送非就答位
  46   1         Stop_I2c();           //结束总线
  47   1         return(c);
  48   1      }
  49          


MODULE INFORMATION:   STATIC OVERLAYABLE
   CODE SIZE        =    110    ----
   CONSTANT SIZE    =   ----    ----
C51 COMPILER V9.59.0.0   PCF8591                                                           06/16/2019 15:22:02 PAGE 2   

   XDATA SIZE       =   ----    ----
   PDATA SIZE       =   ----    ----
   DATA SIZE        =   ----       7
   IDATA SIZE       =   ----    ----
   BIT SIZE         =   ----    ----
END OF MODULE INFORMATION.


C51 COMPILATION COMPLETE.  0 WARNING(S),  0 ERROR(S)
