C51 COMPILER V9.59.0.0   PH_CAIJI                                                          06/16/2019 15:56:16 PAGE 1   


C51 COMPILER V9.59.0.0, COMPILATION OF MODULE PH_CAIJI
OBJECT MODULE PLACED IN .\Objects\PH_caiji.obj
COMPILER INVOKED BY: D:\Program Files (x86)\Keil\C51\BIN\C51.EXE user\PH_caiji.c OPTIMIZE(8,SPEED) BROWSE INCDIR(.\user)
                    - DEBUG OBJECTEXTEND PRINT(.\Listings\PH_caiji.lst) TABS(2) OBJECT(.\Objects\PH_caiji.obj)

line level    source

   1          /********************(C) COPRIGHT 2019 Crownto electronic **************************
   2           * 文件名  ：main.c
   3           * 描述    ：        
   4           * 硬件连接：
   5           * PCF8591:VCC -> 5V; GND -> GND; SCL -> P1.6;SDA -> P1.7; 
   6           *         OUT1~OUT8 -> P3口
   7           * LCD1602:RS -> P2.5; RW -> P2.6; E -> P2.7;
   8           *         D0~D7 -> P0口
   9           * TDS传感器模块: VCC -> 5V; GND -> GND; AO -> AIN0;
  10           *
  11           * 功能描述：测量TDS值液晶显示；
  12                       串口接收测量所得的TDS值（波特率9600）；
  13           *           可连接上位机显示TDS值；
  14           * 作者    ：冠拓电子
  15           * 淘宝    ：https://shop376667309.taobao.com
  16           * 网址    ：www.crownto.cn
  17          **********************************************************************************/
  18          
  19          //#include <reg52.h>
  20          #include <include.h>
  21          #include "DS18B20.h"
  22          
  23          typedef unsigned char uchar;
  24          typedef unsigned char uint;
  25          
  26          /**************外部变量定义************************/
  27          int num=0; 
  28          /**************变量定义***************************/
  29          double PH=0.0;
  30          unsigned char disbuff[9]={0};
  31          double ADC_Voltage=0.0;
  32          float TDS=0.0,TDS_voltage;
  33          float TDS_value=0.0,voltage_value;
  34          float temp_data=25.0;
  35          float compensationCoefficient=1.0;//温度校准系数
  36          float compensationVolatge;
  37          float kValue=1.0;
  38          
  39          /*
  40           * 函数名：Get_Voltage_Value
  41           * 描述  ：获取ADC0809的转换电压值
  42           *         
  43           * 输入  ：无
  44           * 输出  ：无
  45           * 说明  ：
  46           *            AIN0(0X40):热敏电阻
  47           *            AIN1(0X41):悬空
  48           *            AIN2(0X42):滑动变阻器
  49           *            AIN3(0X43):光敏电阻
  50           */
  51          void Get_Voltage_Value()
  52          {
  53   1            ISendByte(PCF8591,0x40);
  54   1            num=IRcvByte(PCF8591);  //ADC0 模数转换1      PH电极
C51 COMPILER V9.59.0.0   PH_CAIJI                                                          06/16/2019 15:56:16 PAGE 2   

  55   1            ADC_Voltage =num * 5.0/ 255;  //转换为电压值
  56   1      }
  57          /*
  58           * 函数名：Character_Conversion
  59           * 描述  ：延时函数
  60           *         
  61           * 输入  ：unsigned char n：延时量
  62           * 输出  ：无
  63           * 说明  ：
  64           */
  65          /**************TDS值采集函数***************/
  66          void TDS_Value_Conversion()
  67          {
  68   1        Get_Voltage_Value();
  69   1        TDS_voltage=(num*5.0)/256;
  70   1        compensationCoefficient=1.0+0.02*((temp_data/10)-25.0); 
  71   1        compensationVolatge=TDS_voltage/compensationCoefficient;
  72   1        TDS_value=(133.42*compensationVolatge*compensationVolatge*compensationVolatge - 
  73   1        255.86*compensationVolatge*compensationVolatge + 857.39*compensationVolatge)*0.5*kValue;
  74   1        
  75   1          if((TDS_value<=0)){TDS_value=0;}
  76   1          if((TDS_value>1400)){TDS_value=1400;}
  77   1          
  78   1          /*显示TDS*/
  79   1          disbuff[0]=(int)(TDS_value)/1000+'0';
  80   1          disbuff[1]=(int)(TDS_value)%1000/100+'0'; 
  81   1          disbuff[2]=(int)(TDS_value)%100/10+'0';
  82   1          disbuff[3]=(int)(TDS_value)%10+'0';
  83   1          
  84   1          DisplaySingleChar(0x4,0,disbuff[0]);
  85   1          DisplaySingleChar(0x5,0,disbuff[1]);
  86   1          DisplaySingleChar(0x6,0,disbuff[2]);
  87   1          DisplaySingleChar(0x7,0,disbuff[3]);
  88   1        
  89   1      }
  90          void StartUART( void )
  91          {               //波特率9600
  92   1           SCON = 0x50;
  93   1           TMOD = 0x20;
  94   1           TH1 = 0xFD;
  95   1           TL1 = 0xFD; 
  96   1           PCON = 0x00;
  97   1           TR1 = 1;
  98   1      }
  99          //**********通过串口将接收到数据发送给PC端**************
 100          void R_S_Byte(uchar R_Byte)
 101          { 
 102   1         SBUF = R_Byte;  
 103   1           while( TI == 0 );        //查询法
 104   1           TI = 0;    
 105   1      }
 106          /*
 107           * 函数名：main
 108           * 描述  ：主函数
 109           * 输入  ：无
 110           * 输出  ：无
 111           */
 112          void main(void)
 113          {
 114   1        int i;
 115   1        LCDInit();
 116   1        StartUART();
C51 COMPILER V9.59.0.0   PH_CAIJI                                                          06/16/2019 15:56:16 PAGE 3   

 117   1        
 118   1        DisplayString(0x0,0," Welcome   TDS  ");
 119   1        DisplayString(0x0,1,"Detection system");
 120   1        delay_1s();
 121   1        WriteCmd(LCD_CLS);
 122   1        
 123   1        DisplayString(0x0,0,"TDS:");
 124   1        while(1)
 125   1        {   
 126   2              Get_Voltage_Value();
 127   2              TDS_Value_Conversion(); 
 128   2            for(i=0;i<5;i++)
 129   2              {
 130   3                R_S_Byte(disbuff[i]);
 131   3              } 
 132   2              R_S_Byte('\r');//发送回车换行符
 133   2              R_S_Byte('\n');
 134   2              delay_1s();
 135   2        } 
 136   1      }


MODULE INFORMATION:   STATIC OVERLAYABLE
   CODE SIZE        =    661    ----
   CONSTANT SIZE    =     39    ----
   XDATA SIZE       =   ----    ----
   PDATA SIZE       =   ----    ----
   DATA SIZE        =     51    ----
   IDATA SIZE       =   ----    ----
   BIT SIZE         =   ----    ----
END OF MODULE INFORMATION.


C51 COMPILATION COMPLETE.  0 WARNING(S),  0 ERROR(S)
